<?xml version="1.0" encoding="UTF-8"?>
<testng-results skipped="0" failed="0" ignored="0" total="0" passed="0">
  <reporter-output>
  </reporter-output>
  <suite name="test.LoginPage_Test" duration-ms="8" started-at="2021-04-04T13:09:02 EDT" finished-at="2021-04-04T13:09:02 EDT">
    <groups>
    </groups>
    <test name="Command line test" duration-ms="8" started-at="2021-04-04T13:09:02 EDT" finished-at="2021-04-04T13:09:02 EDT">
    </test> <!-- Command line test -->
  </suite> <!-- test.LoginPage_Test -->
</testng-results>
