<?xml version="1.0" encoding="UTF-8"?>
<testng-results skipped="0" failed="0" ignored="0" total="1" passed="1">
  <reporter-output>
  </reporter-output>
  <suite name="Default suite" duration-ms="13459" started-at="2021-04-04T14:38:28 EDT" finished-at="2021-04-04T14:38:41 EDT">
    <groups>
    </groups>
    <test name="Default test" duration-ms="13459" started-at="2021-04-04T14:38:28 EDT" finished-at="2021-04-04T14:38:41 EDT">
      <class name="test.LoginPage_Test">
        <test-method status="PASS" signature="beforeRun()[pri:0, instance:test.LoginPage_Test@64729b1e]" name="beforeRun" is-config="true" duration-ms="6167" started-at="2021-04-04T14:38:28 EDT" finished-at="2021-04-04T14:38:34 EDT">
          <reporter-output>
          </reporter-output>
        </test-method> <!-- beforeRun -->
        <test-method status="PASS" signature="login_Test()[pri:0, instance:test.LoginPage_Test@64729b1e]" name="login_Test" duration-ms="5535" started-at="2021-04-04T14:38:34 EDT" finished-at="2021-04-04T14:38:39 EDT">
          <reporter-output>
          </reporter-output>
        </test-method> <!-- login_Test -->
        <test-method status="PASS" signature="tearDown()[pri:0, instance:test.LoginPage_Test@64729b1e]" name="tearDown" is-config="true" duration-ms="1690" started-at="2021-04-04T14:38:39 EDT" finished-at="2021-04-04T14:38:41 EDT">
          <reporter-output>
          </reporter-output>
        </test-method> <!-- tearDown -->
      </class> <!-- test.LoginPage_Test -->
    </test> <!-- Default test -->
  </suite> <!-- Default suite -->
</testng-results>
